13:59:21 [App     ] Build date: Dec 21 2018, 18:08:41
13:59:21 [App     ] CPU: Intel(R) Core(TM) i7-7700 CPU @ 3.60GHz
13:59:21 [App     ] RAM: 31.97GB Physical Memory 128.00TB Virtual Memory
13:59:21 [App     ] OS: Windows 8 x64
13:59:21 [App     ] SSE & AVX compatible CPU & OS detected
13:59:21 [App     ] Command line:
13:59:21 [App     ] Available options:

Generic options:
  -h [ --help ]                         produce this help message
  -w [ --working-folder ] arg           working directory (default current 
                                        directory)
  -c [ --config-file ] arg (=DensifyPointCloud.cfg)
                                        file name containing program options
  --archive-type arg (=2)               project archive type: 0-text, 1-binary,
                                        2-compressed binary
  --process-priority arg (=-1)          process priority (below normal by 
                                        default)
  --max-threads arg (=0)                maximum number of threads (0 for using 
                                        all available cores)
  -v [ --verbosity ] arg (=2)           verbosity level

Densify options:
  -i [ --input-file ] arg               input filename containing camera poses 
                                        and image list
  -o [ --output-file ] arg              output filename for storing the dense 
                                        point-cloud
  --resolution-level arg (=1)           how many times to scale down the images
                                        before point cloud computation
  --min-resolution arg (=640)           do not scale images lower than this 
                                        resolution
  --number-views arg (=4)               number of views used for depth-map 
                                        estimation (0 - all neighbor views 
                                        available)
  --number-views-fuse arg (=3)          minimum number of images that agrees 
                                        with an estimate during fusion in order
                                        to consider it inlier
  --estimate-colors arg (=1)            estimate the colors for the dense 
                                        point-cloud
  --estimate-normals arg (=0)           estimate the normals for the dense 
                                        point-cloud
  --sample-mesh arg (=0)                uniformly samples points on a mesh (0 -
                                        disabled, <0 - number of points, >0 - 
                                        sample density per square unit)
