08:47:31 [App     ] Build date: Dec 21 2018, 18:08:41
08:47:31 [App     ] CPU: Intel(R) Core(TM) i7-7700 CPU @ 3.60GHz
08:47:31 [App     ] RAM: 31.97GB Physical Memory 128.00TB Virtual Memory
08:47:31 [App     ] OS: Windows 8 x64
08:47:31 [App     ] SSE & AVX compatible CPU & OS detected
08:47:31 [App     ] Command line: -i E:/windows_colmap/colmap_cmd/4/dense/e_mesh.mvs -o E:/windows_colmap/colmap_cmd/4/dense/e_refine.mvs
08:47:32 [App     ] Scene loaded (386ms):
	11 images (11 calibrated) with a total of 63.22 MPixels (5.75 MPixels/image)
	0 points, 343262 vertices, 686188 faces
08:47:46 [App     ] Cleaned mesh: 34470 vertices, 68617 faces (7s11ms)
08:47:46 [App     ] Cleaned mesh: 34470 vertices, 68617 faces (137ms)
08:47:50 [App     ] Cleaned mesh: 27187 vertices, 53942 faces (125ms)
08:47:50 [App     ] Mesh subdivided: 34470/68617 -> 27187/53942 vertices/faces
08:47:51 [App     ] 	 1. f: 31.32345 (1.1521e-03)	g: 0.52242 (1.9216e-05 - 1.9344e-03)	s: 0.500	v:     0
08:47:53 [App     ] 	 2. f: 30.61155 (1.1260e-03)	g: 0.38423 (1.4133e-05 - 1.5702e-03)	s: 0.490	v:     0
08:47:54 [App     ] 	 3. f: 30.15905 (1.1093e-03)	g: 0.32409 (1.1921e-05 - 1.3349e-03)	s: 0.480	v:     0
08:47:55 [App     ] 	 4. f: 29.89825 (1.0997e-03)	g: 0.27754 (1.0209e-05 - 1.1580e-03)	s: 0.471	v:     0
08:47:57 [App     ] 	 5. f: 29.69271 (1.0922e-03)	g: 0.24886 (9.1536e-06 - 1.0308e-03)	s: 0.461	v:     0
08:47:58 [App     ] 	 6. f: 29.55392 (1.0871e-03)	g: 0.24312 (8.9424e-06 - 9.3505e-04)	s: 0.452	v:     0
08:47:59 [App     ] 	 7. f: 29.44374 (1.0830e-03)	g: 0.22687 (8.3447e-06 - 8.5478e-04)	s: 0.443	v:     0
08:48:01 [App     ] 	 8. f: 29.36157 (1.0800e-03)	g: 0.21839 (8.0328e-06 - 7.8805e-04)	s: 0.434	v:     0
08:48:02 [App     ] 	 9. f: 29.27117 (1.0767e-03)	g: 0.20599 (7.5766e-06 - 7.3001e-04)	s: 0.425	v:     0
08:48:03 [App     ] 	10. f: 29.21808 (1.0747e-03)	g: 0.18150 (6.6760e-06 - 6.8366e-04)	s: 0.417	v:     0
08:48:04 [App     ] 	11. f: 29.18021 (1.0733e-03)	g: 0.17891 (6.5806e-06 - 6.4702e-04)	s: 0.409	v:     0
08:48:05 [App     ] 	12. f: 29.13992 (1.0718e-03)	g: 0.16102 (5.9226e-06 - 6.0809e-04)	s: 0.400	v:     0
08:48:07 [App     ] 	13. f: 29.09045 (1.0700e-03)	g: 0.16119 (5.9288e-06 - 5.8016e-04)	s: 0.392	v:     0
08:48:08 [App     ] 	14. f: 29.06492 (1.0691e-03)	g: 0.20193 (7.4273e-06 - 5.6410e-04)	s: 0.385	v:     0
08:48:09 [App     ] 	15. f: 29.04694 (1.0684e-03)	g: 0.15246 (5.6079e-06 - 5.3244e-04)	s: 0.377	v:     0
08:48:10 [App     ] 	16. f: 29.02526 (1.0676e-03)	g: 0.19692 (7.2431e-06 - 5.2082e-04)	s: 0.369	v:     0
08:48:11 [App     ] 	17. f: 28.99841 (1.0666e-03)	g: 0.13945 (5.1292e-06 - 4.9377e-04)	s: 0.362	v:     0
08:48:13 [App     ] 	18. f: 28.96298 (1.0653e-03)	g: 0.13803 (5.0772e-06 - 4.7656e-04)	s: 0.355	v:     0
08:48:14 [App     ] 	19. f: 28.95392 (1.0650e-03)	g: 0.25833 (9.5020e-06 - 4.7045e-04)	s: 0.348	v:     0
08:48:15 [App     ] 	20. f: 28.93517 (1.0643e-03)	g: 0.12119 (4.4577e-06 - 4.4602e-04)	s: 0.341	v:     0
08:48:16 [App     ] 	21. f: 28.92310 (1.0639e-03)	g: 0.13462 (4.9515e-06 - 4.3856e-04)	s: 0.334	v:     0
08:48:17 [App     ] 	22. f: 28.89589 (1.0629e-03)	g: 0.12096 (4.4492e-06 - 4.2473e-04)	s: 0.327	v:     0
08:48:18 [App     ] 	23. f: 28.90369 (1.0631e-03)	g: 0.12441 (4.5760e-06 - 4.1299e-04)	s: 0.321	v:     0
08:48:20 [App     ] 	24. f: 28.88605 (1.0625e-03)	g: 0.12600 (4.6345e-06 - 4.0503e-04)	s: 0.314	v:     0
08:48:21 [App     ] 	25. f: 28.89293 (1.0627e-03)	g: 0.12293 (4.5217e-06 - 3.9709e-04)	s: 0.308	v:     0
08:48:22 [App     ] 	26. f: 28.87303 (1.0620e-03)	g: 0.10830 (3.9834e-06 - 3.8525e-04)	s: 0.302	v:     0
08:48:23 [App     ] 	27. f: 28.87412 (1.0621e-03)	g: 0.10496 (3.8605e-06 - 3.7985e-04)	s: 0.296	v:     0
08:48:24 [App     ] 	28. f: 28.84198 (1.0609e-03)	g: 0.15757 (5.7957e-06 - 3.7762e-04)	s: 0.290	v:     0
08:48:26 [App     ] 	29. f: 28.83026 (1.0604e-03)	g: 0.12779 (4.7004e-06 - 3.7115e-04)	s: 0.284	v:     0
08:48:27 [App     ] 	30. f: 28.80726 (1.0596e-03)	g: 0.10905 (4.0112e-06 - 3.6144e-04)	s: 0.278	v:     0
08:48:28 [App     ] 	31. f: 28.81192 (1.0598e-03)	g: 0.11354 (4.1764e-06 - 3.5299e-04)	s: 0.273	v:     0
08:48:29 [App     ] 	32. f: 28.78588 (1.0588e-03)	g: 0.10981 (4.0391e-06 - 3.4927e-04)	s: 0.267	v:     0
08:48:30 [App     ] 	33. f: 28.78654 (1.0588e-03)	g: 0.09249 (3.4019e-06 - 3.4821e-04)	s: 0.262	v:     0
08:48:31 [App     ] 	34. f: 28.76669 (1.0581e-03)	g: 0.09767 (3.5926e-06 - 3.4560e-04)	s: 0.257	v:     0
08:48:33 [App     ] 	35. f: 28.75787 (1.0578e-03)	g: 0.10097 (3.7141e-06 - 3.4007e-04)	s: 0.252	v:     0
08:48:34 [App     ] 	36. f: 28.75400 (1.0576e-03)	g: 0.08771 (3.2263e-06 - 3.3217e-04)	s: 0.247	v:     0
08:48:35 [App     ] 	37. f: 28.74405 (1.0573e-03)	g: 0.08353 (3.0723e-06 - 3.2566e-04)	s: 0.242	v:     0
08:48:36 [App     ] 	38. f: 28.73344 (1.0569e-03)	g: 0.08613 (3.1681e-06 - 3.2367e-04)	s: 0.237	v:     0
08:48:37 [App     ] 	39. f: 28.72670 (1.0566e-03)	g: 0.11975 (4.4045e-06 - 3.2426e-04)	s: 0.232	v:     0
08:48:39 [App     ] 	40. f: 28.72124 (1.0564e-03)	g: 0.11272 (4.1462e-06 - 3.2084e-04)	s: 0.227	v:     0
08:48:40 [App     ] 	41. f: 28.71315 (1.0561e-03)	g: 0.10286 (3.7835e-06 - 3.1729e-04)	s: 0.223	v:     0
08:48:41 [App     ] 	42. f: 28.70135 (1.0557e-03)	g: 0.08757 (3.2211e-06 - 3.1120e-04)	s: 0.218	v:     0
08:48:42 [App     ] 	43. f: 28.70127 (1.0557e-03)	g: 0.09380 (3.4501e-06 - 3.0799e-04)	s: 0.214	v:     0
08:48:43 [App     ] 	44. f: 28.69022 (1.0553e-03)	g: 0.09958 (3.6629e-06 - 3.0573e-04)	s: 0.210	v:     0
08:48:45 [App     ] 	45. f: 28.68868 (1.0552e-03)	g: 0.09549 (3.5124e-06 - 3.0266e-04)	s: 0.206	v:     0
08:48:45 [App     ] Mesh subdivided: 27187/53942 -> 32466/64424 vertices/faces
08:48:49 [App     ] 	 1. f: 29.40420 (9.0569e-04)	g: 0.42087 (1.2963e-05 - 1.4567e-03)	s: 0.500	v:     0
08:48:53 [App     ] 	 2. f: 28.62795 (8.8178e-04)	g: 0.35188 (1.0838e-05 - 1.1226e-03)	s: 0.490	v:     0
08:48:57 [App     ] 	 3. f: 28.22310 (8.6931e-04)	g: 0.24480 (7.5403e-06 - 9.1155e-04)	s: 0.480	v:     0
08:49:01 [App     ] 	 4. f: 27.91597 (8.5985e-04)	g: 0.21084 (6.4943e-06 - 7.8153e-04)	s: 0.471	v:     0
08:49:05 [App     ] 	 5. f: 27.69619 (8.5308e-04)	g: 0.19458 (5.9933e-06 - 6.9044e-04)	s: 0.461	v:     0
08:49:10 [App     ] 	 6. f: 27.53768 (8.4820e-04)	g: 0.17550 (5.4058e-06 - 6.1992e-04)	s: 0.452	v:     0
08:49:14 [App     ] 	 7. f: 27.42143 (8.4462e-04)	g: 0.16625 (5.1207e-06 - 5.6251e-04)	s: 0.443	v:     0
08:49:18 [App     ] 	 8. f: 27.31684 (8.4140e-04)	g: 0.15841 (4.8794e-06 - 5.1933e-04)	s: 0.434	v:     0
08:49:22 [App     ] 	 9. f: 27.23876 (8.3899e-04)	g: 0.14195 (4.3722e-06 - 4.7853e-04)	s: 0.425	v:     0
08:49:26 [App     ] 	10. f: 27.17400 (8.3700e-04)	g: 0.14321 (4.4112e-06 - 4.4767e-04)	s: 0.417	v:     0
08:49:30 [App     ] 	11. f: 27.10000 (8.3472e-04)	g: 0.14336 (4.4157e-06 - 4.2374e-04)	s: 0.409	v:     0
08:49:34 [App     ] 	12. f: 27.05588 (8.3336e-04)	g: 0.13887 (4.2773e-06 - 4.0215e-04)	s: 0.400	v:     0
08:49:39 [App     ] 	13. f: 27.00746 (8.3187e-04)	g: 0.12782 (3.9370e-06 - 3.8196e-04)	s: 0.392	v:     0
08:49:43 [App     ] 	14. f: 26.96416 (8.3054e-04)	g: 0.14218 (4.3793e-06 - 3.6640e-04)	s: 0.385	v:     0
08:49:47 [App     ] 	15. f: 26.92906 (8.2945e-04)	g: 0.12726 (3.9198e-06 - 3.4850e-04)	s: 0.377	v:     0
08:49:51 [App     ] 	16. f: 26.90644 (8.2876e-04)	g: 0.12825 (3.9501e-06 - 3.3715e-04)	s: 0.369	v:     0
08:49:55 [App     ] 	17. f: 26.87528 (8.2780e-04)	g: 0.16790 (5.1717e-06 - 3.4581e-04)	s: 0.362	v:     0
08:49:59 [App     ] 	18. f: 26.85571 (8.2719e-04)	g: 0.11577 (3.5658e-06 - 3.2738e-04)	s: 0.355	v:     0
08:50:03 [App     ] 	19. f: 26.81545 (8.2595e-04)	g: 0.11800 (3.6346e-06 - 3.1703e-04)	s: 0.348	v:     0
08:50:07 [App     ] 	20. f: 26.79548 (8.2534e-04)	g: 0.13949 (4.2964e-06 - 3.1101e-04)	s: 0.341	v:     0
08:50:12 [App     ] 	21. f: 26.78342 (8.2497e-04)	g: 0.12700 (3.9117e-06 - 3.0055e-04)	s: 0.334	v:     0
08:50:16 [App     ] 	22. f: 26.74973 (8.2393e-04)	g: 0.14552 (4.4823e-06 - 2.9352e-04)	s: 0.327	v:     0
08:50:18 [App     ] Mesh subdivided: 32466/64424 -> 102649/204441 vertices/faces
08:50:34 [App     ] 	 1. f: 31.47632 (3.0664e-04)	g: 0.48195 (4.6951e-06 - 1.0474e-03)	s: 0.500	v:     0
08:50:51 [App     ] 	 2. f: 30.67130 (2.9880e-04)	g: 0.36504 (3.5562e-06 - 8.4902e-04)	s: 0.490	v:     0
08:51:07 [App     ] 	 3. f: 30.11915 (2.9342e-04)	g: 0.31096 (3.0294e-06 - 7.2235e-04)	s: 0.480	v:     0
08:51:24 [App     ] 	 4. f: 29.70527 (2.8939e-04)	g: 0.26972 (2.6276e-06 - 6.2609e-04)	s: 0.471	v:     0
08:51:40 [App     ] 	 5. f: 29.38702 (2.8629e-04)	g: 0.24682 (2.4045e-06 - 5.5107e-04)	s: 0.461	v:     0
08:51:57 [App     ] 	 6. f: 29.13814 (2.8386e-04)	g: 0.21469 (2.0915e-06 - 4.8936e-04)	s: 0.452	v:     0
08:52:13 [App     ] 	 7. f: 28.93063 (2.8184e-04)	g: 0.20240 (1.9718e-06 - 4.3993e-04)	s: 0.443	v:     0
08:52:29 [App     ] 	 8. f: 28.75901 (2.8017e-04)	g: 0.18169 (1.7700e-06 - 3.9813e-04)	s: 0.434	v:     0
08:52:46 [App     ] 	 9. f: 28.61658 (2.7878e-04)	g: 0.16796 (1.6363e-06 - 3.6352e-04)	s: 0.425	v:     0
08:53:03 [App     ] 	10. f: 28.50282 (2.7767e-04)	g: 0.15246 (1.4853e-06 - 3.3329e-04)	s: 0.417	v:     0
08:53:20 [App     ] 	11. f: 28.40168 (2.7669e-04)	g: 0.14795 (1.4413e-06 - 3.0925e-04)	s: 0.409	v:     0
08:53:36 [App     ] 	12. f: 28.31725 (2.7586e-04)	g: 0.14533 (1.4158e-06 - 2.9326e-04)	s: 0.400	v:     0
08:53:53 [App     ] 	13. f: 28.24596 (2.7517e-04)	g: 0.14403 (1.4031e-06 - 2.7404e-04)	s: 0.392	v:     0
08:54:10 [App     ] 	14. f: 28.18084 (2.7454e-04)	g: 0.12334 (1.2016e-06 - 2.5659e-04)	s: 0.385	v:     0
08:54:26 [App     ] 	15. f: 28.12448 (2.7399e-04)	g: 0.12730 (1.2401e-06 - 2.4349e-04)	s: 0.377	v:     0
08:54:26 [App     ] Mesh refinement completed: 102649 vertices, 204441 faces (6m54s813ms)
08:54:27 [App     ] Scene saved (186ms):
	11 images (11 calibrated)
	0 points, 102649 vertices, 204441 faces
08:54:27 [App     ] Mesh saved: 102649 vertices, 204441 faces (81ms)
08:54:27 [App     ] MEMORYINFO: {
08:54:27 [App     ] 	PageFaultCount 3546319
08:54:27 [App     ] 	PeakWorkingSetSize 4.29GB
08:54:27 [App     ] 	WorkingSetSize 2.18GB
08:54:27 [App     ] 	QuotaPeakPagedPoolUsage 134.26KB
08:54:27 [App     ] 	QuotaPagedPoolUsage 127.77KB
08:54:27 [App     ] 	QuotaPeakNonPagedPoolUsage 36.25KB
08:54:27 [App     ] 	QuotaNonPagedPoolUsage 24.43KB
08:54:27 [App     ] 	PagefileUsage 2.18GB
08:54:27 [App     ] 	PeakPagefileUsage 4.30GB
08:54:27 [App     ] } ENDINFO
